note: Building targets in dependency order
note: Target dependency graph (2 targets)
[DIVE_APPLE Watch App] Write Auxiliary File DIVE_APPLE\ Watch\ App.SwiftFileList
[DIVE_APPLE Watch App] Write Auxiliary File DIVE_APPLE\ Watch\ App.LinkFileList
[DIVE_APPLE Watch App] Write Auxiliary File DIVE_APPLE\ Watch\ App.SwiftConstValuesFileList
[DIVE_APPLE Watch App] Processing DIVE-APPLE-Watch-App-Info.plist
[DIVE_APPLE Watch App] Linking DIVE_APPLE\ Watch\ App.debug.dylib
note: Using stub executor library with Swift entry point. (in target 'DIVE_APPLE Watch App' from project 'DIVE_APPLE')
[DIVE_APPLE Watch App] Linking DIVE_APPLE\ Watch\ App
[DIVE_APPLE Watch App] Extract App Intents Metadata
Signing DIVE_APPLE\ Watch\ App.debug.dylib (in target 'DIVE_APPLE Watch App' from project 'DIVE_APPLE')
Signing DIVE_APPLE\ Watch\ App.app (in target 'DIVE_APPLE Watch App' from project 'DIVE_APPLE')
[DIVE_APPLE Watch App] Validate DIVE_APPLE\ Watch\ App.app
[DIVE_APPLE] Linking DIVE_APPLE.debug.dylib
[DIVE_APPLE] Linking DIVE_APPLE.debug.dylib
note: Using stub executor library with Swift entry point. (in target 'DIVE_APPLE' from project 'DIVE_APPLE')
[DIVE_APPLE] Linking DIVE_APPLE
note: Using stub executor library with Swift entry point. (in target 'DIVE_APPLE' from project 'DIVE_APPLE')
[DIVE_APPLE] Create Universal Binary DIVE_APPLE.debug.dylib
[DIVE_APPLE] Linking DIVE_APPLE
[DIVE_APPLE] Create Universal Binary DIVE_APPLE
[DIVE_APPLE] Copy DIVE_APPLE\ Watch\ App.app -> DIVE_APPLE\ Watch\ App.app
[DIVE_APPLE] Extract App Intents Metadata
[DIVE_APPLE] Processing empty-DIVE_APPLE.plist
Signing DIVE_APPLE.debug.dylib (in target 'DIVE_APPLE' from project 'DIVE_APPLE')
Signing __preview.dylib (in target 'DIVE_APPLE' from project 'DIVE_APPLE')
Signing DIVE_APPLE.app (in target 'DIVE_APPLE' from project 'DIVE_APPLE')
[DIVE_APPLE] Validate Embedded Binary DIVE_APPLE\ Watch\ App.app
[DIVE_APPLE] Validate DIVE_APPLE.app
Build Succeeded

-----------------------------
-- xcodebuild.nvim summary --
-----------------------------

  ✔ Build Succeeded

